#
# A fatal error has been detected by the Java Runtime Environment:
#
#  Internal Error (signature.cpp:54), pid=25992, tid=0x0000000000004070
#  fatal error: expecting (
#
# JRE version: Java(TM) SE Runtime Environment (8.0_241-b07) (build 1.8.0_241-b07)
# Java VM: Java HotSpot(TM) 64-Bit Server VM (25.241-b07 mixed mode windows-amd64 compressed oops)
# Failed to write core dump. Minidumps are not enabled by default on client versions of Windows
#
# If you would like to submit a bug report, please visit:
#   http://bugreport.java.com/bugreport/crash.jsp
#

---------------  T H R E A D  ---------------

Current thread (0x000000001a729800):  VMThread [stack: 0x000000001c410000,0x000000001c510000] [id=16496]

Stack: [0x000000001c410000,0x000000001c510000]
[error occurred during error reporting (printing stack bounds), id 0xc0000005]

Native frames: (J=compiled Java code, j=interpreted, Vv=VM code, C=native code)

VM_Operation (0x000000001d26f2b0): GetOrSetLocal, mode: safepoint, requested by thread 0x000000001c552000


---------------  P R O C E S S  ---------------

Java Threads: ( => current thread )
  0x000000001ed04000 JavaThread "Okio Watchdog" daemon [_thread_blocked, id=23824, stack(0x00000000203b0000,0x00000000204b0000)]
  0x000000001ed5e800 JavaThread "OkHttp ConnectionPool" daemon [_thread_blocked, id=21500, stack(0x0000000020040000,0x0000000020140000)]
  0x000000001e5f7800 JavaThread "Exec Stream Pumper" daemon [_thread_in_native, id=6048, stack(0x000000001fd40000,0x000000001fe40000)]
  0x000000001e47d000 JavaThread "Exec Stream Pumper" daemon [_thread_in_native, id=12452, stack(0x000000001fc40000,0x000000001fd40000)]
  0x000000001e52f800 JavaThread "Exec Default Executor" daemon [_thread_in_native, id=3492, stack(0x000000001fa40000,0x000000001fb40000)]
  0x000000001deee800 JavaThread "ReaderThread" [_thread_in_native, id=7592, stack(0x000000001e370000,0x000000001e470000)]
  0x000000001c5ea800 JavaThread "Service Thread" daemon [_thread_blocked, id=8460, stack(0x000000001d870000,0x000000001d970000)]
  0x000000001c5bb000 JavaThread "C1 CompilerThread3" daemon [_thread_blocked, id=18124, stack(0x000000001d770000,0x000000001d870000)]
  0x000000001c58a800 JavaThread "C2 CompilerThread2" daemon [_thread_blocked, id=21792, stack(0x000000001d670000,0x000000001d770000)]
  0x000000001c578800 JavaThread "C2 CompilerThread1" daemon [_thread_blocked, id=17496, stack(0x000000001d570000,0x000000001d670000)]
  0x000000001c573000 JavaThread "C2 CompilerThread0" daemon [_thread_blocked, id=15880, stack(0x000000001d470000,0x000000001d570000)]
  0x000000001c562000 JavaThread "JDWP Command Reader" daemon [_thread_in_native, id=26020, stack(0x000000001d370000,0x000000001d470000)]
  0x000000001c55d000 JavaThread "JDWP Event Helper Thread" daemon [_thread_blocked, id=12760, stack(0x000000001d270000,0x000000001d370000)]
  0x000000001c552000 JavaThread "JDWP Transport Listener: dt_socket" daemon [_thread_blocked, id=1200, stack(0x000000001d170000,0x000000001d270000)]
  0x000000001c549000 JavaThread "Attach Listener" daemon [_thread_blocked, id=25920, stack(0x000000001cd30000,0x000000001ce30000)]
  0x000000001c547000 JavaThread "Signal Dispatcher" daemon [_thread_blocked, id=23952, stack(0x000000001cc30000,0x000000001cd30000)]
  0x000000001c531000 JavaThread "Finalizer" daemon [_thread_blocked, id=12008, stack(0x000000001ca10000,0x000000001cb10000)]
  0x000000001c530800 JavaThread "Reference Handler" daemon [_thread_blocked, id=13204, stack(0x000000001c910000,0x000000001ca10000)]
  0x0000000003155000 JavaThread "main" [_thread_blocked, id=22760, stack(0x0000000002fd0000,0x00000000030d0000)]

Other Threads:
=>0x000000001a729800 VMThread [stack: 0x000000001c410000,0x000000001c510000] [id=16496]
  0x000000001c5ed000 WatcherThread [stack: 0x000000001d970000,0x000000001da70000] [id=25284]

VM state:at safepoint (normal execution)

VM Mutex/Monitor currently owned by a thread:  ([mutex/lock_event])
[0x0000000003151e50] Threads_lock - owner thread: 0x000000001a729800

heap address: 0x0000000701a00000, size: 3046 MB, Compressed Oops mode: Zero based, Oop shift amount: 3
Narrow klass base: 0x0000000000000000, Narrow klass shift: 3
Compressed class space size: 1073741824 Address: 0x00000007c0000000

Heap:
 PSYoungGen      total 57344K, used 23514K [0x0000000780900000, 0x0000000784900000, 0x00000007c0000000)
  eden space 49152K, 31% used [0x0000000780900000,0x00000007817f9dd0,0x0000000783900000)
  from space 8192K, 99% used [0x0000000783900000,0x00000007840fce18,0x0000000784100000)
  to   space 8192K, 0% used [0x0000000784100000,0x0000000784100000,0x0000000784900000)
 ParOldGen       total 131072K, used 490K [0x0000000701a00000, 0x0000000709a00000, 0x0000000780900000)
  object space 131072K, 0% used [0x0000000701a00000,0x0000000701a7a910,0x0000000709a00000)
 Metaspace       used 17889K, capacity 18666K, committed 18816K, reserved 1064960K
  class space    used 2198K, capacity 2411K, committed 2432K, reserved 1048576K

Card table byte_map: [0x0000000012610000,0x0000000012c10000] byte_map_base: 0x000000000ee03000

Marking Bits: (ParMarkBitMap*) 0x0000000052ddbe30
 Begin Bits: [0x0000000013810000, 0x00000000167a8000)
 End Bits:   [0x00000000167a8000, 0x0000000019740000)

Polling page: 0x0000000001750000

CodeCache: size=245760Kb used=5670Kb max_used=5670Kb free=240089Kb
 bounds [0x0000000003250000, 0x00000000037e0000, 0x0000000012250000]
 total_blobs=2035 nmethods=1611 adapters=344
 compilation: enabled

Compilation events (10 events):
Event: 14.547 Thread 0x000000001c5bb000 1607       3       com.google.common.base.CharMatcher$Ascii::matches (12 bytes)
Event: 14.547 Thread 0x000000001c5bb000 nmethod 1607 0x00000000037d6b50 code [0x00000000037d6ca0, 0x00000000037d6e50]
Event: 14.547 Thread 0x000000001c5bb000 1608       3       com.google.common.base.CharMatcher$JavaIsoControl::matches (25 bytes)
Event: 14.547 Thread 0x000000001c5bb000 nmethod 1608 0x00000000037da310 code [0x00000000037da460, 0x00000000037da690]
Event: 14.547 Thread 0x000000001c5bb000 1609       3       com.google.common.base.CharMatcher$IsNot::matches (14 bytes)
Event: 14.547 Thread 0x000000001c5bb000 nmethod 1609 0x00000000037da710 code [0x00000000037da860, 0x00000000037daa10]
Event: 14.547 Thread 0x000000001c5bb000 1610       3       java.lang.AbstractStringBuilder::append (54 bytes)
Event: 14.547 Thread 0x000000001c5bb000 nmethod 1610 0x00000000037daa90 code [0x00000000037dac60, 0x00000000037db588]
Event: 14.549 Thread 0x000000001c5bb000 1611       3       java.util.Calendar::internalSet (8 bytes)
Event: 14.550 Thread 0x000000001c5bb000 nmethod 1611 0x00000000037dbf90 code [0x00000000037dc0e0, 0x00000000037dc250]

GC Heap History (2 events):
Event: 2.310 GC heap before
{Heap before GC invocations=1 (full 0):
 PSYoungGen      total 57344K, used 49152K [0x0000000780900000, 0x0000000784900000, 0x00000007c0000000)
  eden space 49152K, 100% used [0x0000000780900000,0x0000000783900000,0x0000000783900000)
  from space 8192K, 0% used [0x0000000784100000,0x0000000784100000,0x0000000784900000)
  to   space 8192K, 0% used [0x0000000783900000,0x0000000783900000,0x0000000784100000)
 ParOldGen       total 131072K, used 0K [0x0000000701a00000, 0x0000000709a00000, 0x0000000780900000)
  object space 131072K, 0% used [0x0000000701a00000,0x0000000701a00000,0x0000000709a00000)
 Metaspace       used 15457K, capacity 16038K, committed 16128K, reserved 1062912K
  class space    used 1865K, capacity 2045K, committed 2048K, reserved 1048576K
Event: 2.319 GC heap after
Heap after GC invocations=1 (full 0):
 PSYoungGen      total 57344K, used 8179K [0x0000000780900000, 0x0000000784900000, 0x00000007c0000000)
  eden space 49152K, 0% used [0x0000000780900000,0x0000000780900000,0x0000000783900000)
  from space 8192K, 99% used [0x0000000783900000,0x00000007840fce18,0x0000000784100000)
  to   space 8192K, 0% used [0x0000000784100000,0x0000000784100000,0x0000000784900000)
 ParOldGen       total 131072K, used 490K [0x0000000701a00000, 0x0000000709a00000, 0x0000000780900000)
  object space 131072K, 0% used [0x0000000701a00000,0x0000000701a7a910,0x0000000709a00000)
 Metaspace       used 15457K, capacity 16038K, committed 16128K, reserved 1062912K
  class space    used 1865K, capacity 2045K, committed 2048K, reserved 1048576K
}

Deoptimization events (10 events):
Event: 2.370 Thread 0x0000000003155000 Uncommon trap: reason=class_check action=maybe_recompile pc=0x00000000036c9258 method=java.util.regex.Matcher.search(I)Z @ 86
Event: 2.370 Thread 0x0000000003155000 Uncommon trap: reason=class_check action=maybe_recompile pc=0x0000000003688df0 method=java.util.regex.Pattern$Curly.match(Ljava/util/regex/Matcher;ILjava/lang/CharSequence;)Z @ 19
Event: 2.378 Thread 0x0000000003155000 Uncommon trap: reason=class_check action=maybe_recompile pc=0x0000000003688df0 method=java.util.regex.Pattern$Curly.match(Ljava/util/regex/Matcher;ILjava/lang/CharSequence;)Z @ 19
Event: 2.378 Thread 0x0000000003155000 Uncommon trap: reason=class_check action=maybe_recompile pc=0x0000000003688df0 method=java.util.regex.Pattern$Curly.match(Ljava/util/regex/Matcher;ILjava/lang/CharSequence;)Z @ 19
Event: 2.424 Thread 0x0000000003155000 Uncommon trap: reason=unstable_if action=reinterpret pc=0x0000000003669078 method=java.util.regex.Pattern$BmpCharProperty.match(Ljava/util/regex/Matcher;ILjava/lang/CharSequence;)Z @ 34
Event: 7.277 Thread 0x0000000003155000 Uncommon trap: reason=class_check action=maybe_recompile pc=0x000000000378ff14 method=org.openqa.selenium.json.Input.init()V @ 18
Event: 7.277 Thread 0x0000000003155000 Uncommon trap: reason=class_check action=maybe_recompile pc=0x000000000378ff14 method=org.openqa.selenium.json.Input.init()V @ 18
Event: 7.277 Thread 0x0000000003155000 Uncommon trap: reason=class_check action=maybe_recompile pc=0x000000000378ff14 method=org.openqa.selenium.json.Input.init()V @ 18
Event: 7.277 Thread 0x0000000003155000 Uncommon trap: reason=class_check action=maybe_recompile pc=0x000000000378ff14 method=org.openqa.selenium.json.Input.init()V @ 18
Event: 14.342 Thread 0x0000000003155000 Uncommon trap: reason=unstable_if action=reinterpret pc=0x000000000340d674 method=sun.nio.cs.UTF_8$Encoder.encode([CII[B)I @ 33

Classes redefined (2 events):
Event: 20.871 Thread 0x000000001a729800 redefined class name=practico2.AirbnbTest, count=1
Event: 254.503 Thread 0x000000001a729800 redefined class name=practico2.AirbnbTest, count=2

Internal exceptions (10 events):
Event: 2.260 Thread 0x0000000003155000 Exception <a 'java/lang/ArrayIndexOutOfBoundsException': 57> (0x00000007836d0fd8) thrown at [C:\ade\jenkins\workspace\8-2-build-windows-amd64-cygwin\jdk8u241\331\hotspot\src\share\vm\interpreter\interpreterRuntime.cpp, line 368]
Event: 2.305 Thread 0x0000000003155000 Exception <a 'java/lang/NoSuchMethodError': java.lang.Object.lambda$chars$0()Ljava/util/Spliterator$OfInt;> (0x00000007838d3368) thrown at [C:\ade\jenkins\workspace\8-2-build-windows-amd64-cygwin\jdk8u241\331\hotspot\src\share\vm\interpreter\linkResolver.
Event: 7.290 Thread 0x0000000003155000 Exception <a 'java/lang/NoSuchMethodError': java.lang.Object.lambda$getResponseFunction$0(Lorg/openqa/selenium/remote/InitialHandshakeResponse;)Lorg/openqa/selenium/remote/ProtocolHandshake$Result;> (0x000000078133f2e0) thrown at [C:\ade\jenkins\workspace
Event: 7.328 Thread 0x0000000003155000 Exception <a 'java/net/SocketTimeoutException': Read timed out> (0x0000000781571ec8) thrown at [C:\ade\jenkins\workspace\8-2-build-windows-amd64-cygwin\jdk8u241\331\hotspot\src\share\vm\prims\jni.cpp, line 736]
Event: 11.461 Thread 0x0000000003155000 Exception <a 'java/net/SocketTimeoutException': Read timed out> (0x00000007815916e8) thrown at [C:\ade\jenkins\workspace\8-2-build-windows-amd64-cygwin\jdk8u241\331\hotspot\src\share\vm\prims\jni.cpp, line 736]
Event: 14.258 Thread 0x0000000003155000 Exception <a 'java/net/SocketTimeoutException': Read timed out> (0x0000000781619508) thrown at [C:\ade\jenkins\workspace\8-2-build-windows-amd64-cygwin\jdk8u241\331\hotspot\src\share\vm\prims\jni.cpp, line 736]
Event: 14.279 Thread 0x0000000003155000 Exception <a 'java/net/SocketTimeoutException': Read timed out> (0x00000007816b16f8) thrown at [C:\ade\jenkins\workspace\8-2-build-windows-amd64-cygwin\jdk8u241\331\hotspot\src\share\vm\prims\jni.cpp, line 736]
Event: 14.345 Thread 0x0000000003155000 Exception <a 'java/net/SocketTimeoutException': Read timed out> (0x00000007816c5f30) thrown at [C:\ade\jenkins\workspace\8-2-build-windows-amd64-cygwin\jdk8u241\331\hotspot\src\share\vm\prims\jni.cpp, line 736]
Event: 14.358 Thread 0x0000000003155000 Exception <a 'java/net/SocketTimeoutException': Read timed out> (0x00000007816dfe80) thrown at [C:\ade\jenkins\workspace\8-2-build-windows-amd64-cygwin\jdk8u241\331\hotspot\src\share\vm\prims\jni.cpp, line 736]
Event: 14.533 Thread 0x0000000003155000 Exception <a 'java/net/SocketTimeoutException': Read timed out> (0x00000007816f4520) thrown at [C:\ade\jenkins\workspace\8-2-build-windows-amd64-cygwin\jdk8u241\331\hotspot\src\share\vm\prims\jni.cpp, line 736]

Events (10 events):
Event: 254.503 Executing VM operation: RedefineClasses done
Event: 254.511 Executing VM operation: ChangeBreakpoints
Event: 254.512 Executing VM operation: ChangeBreakpoints done
Event: 254.518 Executing VM operation: ChangeBreakpoints
Event: 254.518 Executing VM operation: ChangeBreakpoints done
Event: 254.958 Executing VM operation: GetOwnedMonitorInfo
Event: 254.958 Executing VM operation: GetOwnedMonitorInfo done
Event: 254.959 Executing VM operation: GetCurrentContendedMonitor
Event: 254.959 Executing VM operation: GetCurrentContendedMonitor done
Event: 254.985 Executing VM operation: GetOrSetLocal


Dynamic libraries:
0x00007ff6112b0000 - 0x00007ff6112e7000 	C:\Program Files\Java\jdk1.8.0_241\bin\javaw.exe
0x00007ffcb7080000 - 0x00007ffcb7270000 	C:\WINDOWS\SYSTEM32\ntdll.dll
0x00007ffcb60c0000 - 0x00007ffcb6172000 	C:\WINDOWS\System32\KERNEL32.DLL
0x00007ffcb4050000 - 0x00007ffcb42f5000 	C:\WINDOWS\System32\KERNELBASE.dll
0x00007ffcb5130000 - 0x00007ffcb51d3000 	C:\WINDOWS\System32\ADVAPI32.dll
0x00007ffcb5200000 - 0x00007ffcb529e000 	C:\WINDOWS\System32\msvcrt.dll
0x00007ffcb6e20000 - 0x00007ffcb6eb7000 	C:\WINDOWS\System32\sechost.dll
0x00007ffcb6250000 - 0x00007ffcb636f000 	C:\WINDOWS\System32\RPCRT4.dll
0x00007ffcb6420000 - 0x00007ffcb65b4000 	C:\WINDOWS\System32\USER32.dll
0x00007ffcb4f00000 - 0x00007ffcb4f21000 	C:\WINDOWS\System32\win32u.dll
0x00007ffcb52a0000 - 0x00007ffcb52c6000 	C:\WINDOWS\System32\GDI32.dll
0x00007ffcb4f30000 - 0x00007ffcb50c8000 	C:\WINDOWS\System32\gdi32full.dll
0x00007ffcb4c30000 - 0x00007ffcb4cce000 	C:\WINDOWS\System32\msvcp_win.dll
0x00007ffcb4b30000 - 0x00007ffcb4c2a000 	C:\WINDOWS\System32\ucrtbase.dll
0x00007ffca0ee0000 - 0x00007ffca1164000 	C:\WINDOWS\WinSxS\amd64_microsoft.windows.common-controls_6595b64144ccf1df_6.0.18362.1379_none_9e7ff3b3e45cc0c4\COMCTL32.dll
0x00007ffcb5cb0000 - 0x00007ffcb5fe7000 	C:\WINDOWS\System32\combase.dll
0x00007ffcb4320000 - 0x00007ffcb43a1000 	C:\WINDOWS\System32\bcryptPrimitives.dll
0x00007ffcb6ca0000 - 0x00007ffcb6cce000 	C:\WINDOWS\System32\IMM32.DLL
0x0000000053a00000 - 0x0000000053ad2000 	C:\Program Files\Java\jdk1.8.0_241\jre\bin\msvcr100.dll
0x00000000525b0000 - 0x0000000052e5c000 	C:\Program Files\Java\jdk1.8.0_241\jre\bin\server\jvm.dll
0x00007ffcb6e10000 - 0x00007ffcb6e18000 	C:\WINDOWS\System32\PSAPI.DLL
0x00007ffca71a0000 - 0x00007ffca71a9000 	C:\WINDOWS\SYSTEM32\WSOCK32.dll
0x00007ffcb6fd0000 - 0x00007ffcb703f000 	C:\WINDOWS\System32\WS2_32.dll
0x00007ffca18e0000 - 0x00007ffca18ea000 	C:\WINDOWS\SYSTEM32\VERSION.dll
0x00007ffcb1b20000 - 0x00007ffcb1b44000 	C:\WINDOWS\SYSTEM32\WINMM.dll
0x00007ffcb1a10000 - 0x00007ffcb1a3d000 	C:\WINDOWS\SYSTEM32\winmmbase.dll
0x00007ffcb4000000 - 0x00007ffcb404a000 	C:\WINDOWS\System32\cfgmgr32.dll
0x00007ffcacd60000 - 0x00007ffcacd6f000 	C:\Program Files\Java\jdk1.8.0_241\jre\bin\verify.dll
0x00007ffcaa9e0000 - 0x00007ffcaaa09000 	C:\Program Files\Java\jdk1.8.0_241\jre\bin\java.dll
0x00007ffca8cc0000 - 0x00007ffca8cf5000 	C:\Program Files\Java\jdk1.8.0_241\jre\bin\jdwp.dll
0x00007ffcaae80000 - 0x00007ffcaae88000 	C:\Program Files\Java\jdk1.8.0_241\jre\bin\npt.dll
0x00007ffcaa710000 - 0x00007ffcaa726000 	C:\Program Files\Java\jdk1.8.0_241\jre\bin\zip.dll
0x00007ffcb55c0000 - 0x00007ffcb5ca8000 	C:\WINDOWS\System32\SHELL32.dll
0x00007ffcb6370000 - 0x00007ffcb6417000 	C:\WINDOWS\System32\shcore.dll
0x00007ffcb43b0000 - 0x00007ffcb4b2b000 	C:\WINDOWS\System32\windows.storage.dll
0x00007ffcb3fd0000 - 0x00007ffcb3ff3000 	C:\WINDOWS\System32\profapi.dll
0x00007ffcb3f60000 - 0x00007ffcb3faa000 	C:\WINDOWS\System32\powrprof.dll
0x00007ffcb3f30000 - 0x00007ffcb3f40000 	C:\WINDOWS\System32\UMPDC.dll
0x00007ffcb6ec0000 - 0x00007ffcb6f12000 	C:\WINDOWS\System32\shlwapi.dll
0x00007ffcb3f40000 - 0x00007ffcb3f51000 	C:\WINDOWS\System32\kernel.appcore.dll
0x00007ffcb4300000 - 0x00007ffcb4317000 	C:\WINDOWS\System32\cryptsp.dll
0x00007ffca8d70000 - 0x00007ffca8d79000 	C:\Program Files\Java\jdk1.8.0_241\jre\bin\dt_socket.dll
0x00007ffca8d20000 - 0x00007ffca8d36000 	C:\WINDOWS\system32\napinsp.dll
0x00007ffca8d00000 - 0x00007ffca8d1a000 	C:\WINDOWS\system32\pnrpnsp.dll
0x00007ffcb3770000 - 0x00007ffcb37d7000 	C:\WINDOWS\System32\mswsock.dll
0x00007ffcb34c0000 - 0x00007ffcb358b000 	C:\WINDOWS\SYSTEM32\DNSAPI.dll
0x00007ffcb6b30000 - 0x00007ffcb6b38000 	C:\WINDOWS\System32\NSI.dll
0x00007ffcb3480000 - 0x00007ffcb34ba000 	C:\WINDOWS\SYSTEM32\IPHLPAPI.DLL
0x00007ffcacac0000 - 0x00007ffcacace000 	C:\WINDOWS\System32\winrnr.dll
0x00007ffcad7f0000 - 0x00007ffcad80c000 	C:\WINDOWS\system32\NLAapi.dll
0x00007ffcafb70000 - 0x00007ffcafb85000 	C:\WINDOWS\system32\wshbth.dll
0x00007ffca96a0000 - 0x00007ffca9717000 	C:\WINDOWS\System32\fwpuclnt.dll
0x00007ffcb4cd0000 - 0x00007ffcb4cf6000 	C:\WINDOWS\System32\bcrypt.dll
0x00007ffca7960000 - 0x00007ffca796a000 	C:\Windows\System32\rasadhlp.dll
0x00007ffca8d50000 - 0x00007ffca8d6a000 	C:\Program Files\Java\jdk1.8.0_241\jre\bin\net.dll
0x00007ffcb32f0000 - 0x00007ffcb3323000 	C:\WINDOWS\system32\rsaenh.dll
0x00007ffcb3e10000 - 0x00007ffcb3e35000 	C:\WINDOWS\SYSTEM32\USERENV.dll
0x00007ffcb3940000 - 0x00007ffcb394c000 	C:\WINDOWS\SYSTEM32\CRYPTBASE.dll
0x00007ffcab440000 - 0x00007ffcab456000 	C:\WINDOWS\SYSTEM32\dhcpcsvc6.DLL
0x00007ffcac530000 - 0x00007ffcac54c000 	C:\WINDOWS\SYSTEM32\dhcpcsvc.DLL
0x00007ffca89f0000 - 0x00007ffca8a02000 	C:\Program Files\Java\jdk1.8.0_241\jre\bin\nio.dll
0x00007ffca87d0000 - 0x00007ffca87f4000 	C:\Program Files\Java\jdk1.8.0_241\jre\bin\sunec.dll
0x00007ffca8a40000 - 0x00007ffca8a4b000 	C:\Program Files\Java\jdk1.8.0_241\jre\bin\sunmscapi.dll
0x00007ffcb4db0000 - 0x00007ffcb4efa000 	C:\WINDOWS\System32\CRYPT32.dll
0x00007ffcb3fb0000 - 0x00007ffcb3fc2000 	C:\WINDOWS\System32\MSASN1.dll

VM Arguments:
jvm_args: -agentlib:jdwp=transport=dt_socket,suspend=y,address=localhost:52902 -ea -Dfile.encoding=Cp1252 
java_command: org.testng.remote.RemoteTestNG -serport 52901 -protocol json -d E:\manue\Eclipse\SeleniumAcademy\CursoSelenium\test-output C:\Users\manue\AppData\Local\Temp\testng-eclipse-1055699806\testng-customsuite.xml
java_class_path (initial): C:\eclipse\configuration\org.eclipse.osgi\518\0\.cp\lib\testng-remote.jar;E:\manue\Eclipse\SeleniumAcademy\CursoSelenium\target\test-classes;E:\manue\Eclipse\SeleniumAcademy\CursoSelenium\target\classes;C:\eclipse\plugins\org.junit_4.12.0.v201504281640\junit.jar;C:\eclipse\plugins\org.hamcrest.core_1.3.0.v20180420-1519.jar;C:\eclipse\plugins\org.testng_7.1.0.r202001120626.jar;C:\eclipse\plugins\com.beust.jcommander_1.72.0.jar;C:\eclipse\plugins\org.apache-extras.beanshell.bsh_2.0.0.b6.jar;C:\eclipse\plugins\org.yaml.snakeyaml_1.21.0.jar;C:\Users\manue\.m2\repository\com\google\guava\guava\27.1-jre\guava-27.1-jre.jar;C:\Users\manue\.m2\repository\com\google\guava\failureaccess\1.0.1\failureaccess-1.0.1.jar;C:\Users\manue\.m2\repository\com\google\guava\listenablefuture\9999.0-empty-to-avoid-conflict-with-guava\listenablefuture-9999.0-empty-to-avoid-conflict-with-guava.jar;C:\Users\manue\.m2\repository\com\google\code\findbugs\jsr305\3.0.2\jsr305-3.0.2.jar;C:\Users\manue\.m2\repository\org\checkerframework\checker-qual\2.5.2\checker-qual-2.5.2.jar;C:\Users\manue\.m2\repository\com\google\errorprone\error_prone_annotations\2.2.0\error_prone_annotations-2.2.0.jar;C:\Users\manue\.m2\repository\com\google\j2objc\j2objc-annotations\1.1\j2objc-annotations-1.1.jar;C:\Users\manue\.m2\repository\org\codehaus\mojo\animal-sniffer-annotations\1.17\animal-sniffer-annotations-1.17.jar;C:\Users\manue\.m2\repository\com\google\inject\guice\4.1.0\guice-4.1.0-no_aop.jar;C:\Users\manue\.m2\repository\javax\inject\javax.inject\1\javax.inject-1.jar;C:\Users\manue\.m2\repository\aopalliance\aopalliance\1.0\aopalliance-1.0.jar;C:\Users\manue\.m2\repository\org\seleniumhq\selenium\selenium-java\3.141.59\selenium-java-3.141.59.jar;C:\Users\manue\.m2\repository\org\seleniumhq\selenium\selenium-api\3.141.59\selenium-api-3.141.59.jar;C:\Users\manue\.m2\repository\org\seleniumhq\selenium\selenium-chrome-driver\3.141.59\selenium-chrome-driver-3.141.59.jar;C:\Users\manu
Launcher Type: SUN_STANDARD

Environment Variables:
JAVA_HOME=C:\Program Files (x86)\Java\jdk-14.0.1\jdk-14.0.1
PATH=C:\Program Files\Java\jdk1.8.0_241\jre\bin;C:\Program Files (x86)\Common Files\Oracle\Java\javapath;C:\Program Files (x86)\Intel\iCLS Client\;C:\Program Files\Intel\iCLS Client\;C:\Windows\system32;C:\Windows;C:\Windows\System32\Wbem;C:\Windows\System32\WindowsPowerShell\v1.0\;C:\Program Files (x86)\Intel\Intel(R) Management Engine Components\DAL;C:\Program Files\Intel\Intel(R) Management Engine Components\DAL;C:\Program Files (x86)\Intel\Intel(R) Management Engine Components\IPT;C:\Program Files\Intel\Intel(R) Management Engine Components\IPT;C:\Program Files (x86)\NVIDIA Corporation\PhysX\Common;C:\WINDOWS\system32;C:\WINDOWS;C:\WINDOWS\System32\Wbem;C:\WINDOWS\System32\WindowsPowerShell\v1.0\;C:\WINDOWS\System32\OpenSSH\;C:\Program Files (x86)\Java\jdk-14.0.1\jdk-14.0.1\bin;E:\apache-maven-3.6.3-bin\apache-maven-3.6.3\bin;E:\Program Files (x86)\Git\cmd;E:\Program Files\AutoFirma\AutoFirma;C:\Users\manue\AppData\Local\Microsoft\WindowsApps;
USERNAME=manue
OS=Windows_NT
PROCESSOR_IDENTIFIER=Intel64 Family 6 Model 158 Stepping 9, GenuineIntel



---------------  S Y S T E M  ---------------

OS: Windows 10.0 , 64 bit Build 18362 (10.0.18362.1350)

CPU:total 8 (initial active 8) (4 cores per cpu, 2 threads per core) family 6 model 158 stepping 9, cmov, cx8, fxsr, mmx, sse, sse2, sse3, ssse3, sse4.1, sse4.2, popcnt, avx, avx2, aes, clmul, erms, 3dnowpref, lzcnt, ht, tsc, tscinvbit, bmi1, bmi2, adx

Memory: 4k page, physical 12472488k(4875184k free), swap 16884828k(3526876k free)

vm_info: Java HotSpot(TM) 64-Bit Server VM (25.241-b07) for windows-amd64 JRE (1.8.0_241-b07), built on Dec 11 2019 10:21:40 by "rejava" with MS VC++ 10.0 (VS2010)

time: Sun Mar 07 20:18:11 2021
timezone: Hora estándar romance
elapsed time: 254 seconds (0d 0h 4m 14s)

